335 224
215 131
469 153
434 428
318 1
8 119
70 1
107 183
285 108
392 313
148 429
315 1
267 148
435 204
116 253
479 473
455 441
405 118
407 370
213 338
23 302
169 251
361 10
168 438
225 396
416 379
443 51
100 363
374 25
483 357
66 184
144 348
270 96
489 56
170 194
289 311
169 389
214 84
272 330
156 431
191 269
204 333
414 241
141 72
351 350
1 254
108 95
460 1
497 263
229 1
44 363
312 1
426 197
98 221
173 169
141 11
149 313
407 131
293 412
1 59
187 1
216 159
275 385
252 1
278 228
373 480
4 272
376 446
1 1
79 138
319 457
416 252
330 226
260 146
258 234
60 51
91 22
239 1
348 348
242 239
109 404
481 262
69 59
400 399
405 338
401 341
361 5
203 95
465 36
290 473
326 319
15 1
1 363
1 427
48 231
404 123
462 457
219 200
99 189
203 1
